mode: set
github.com/arfis/waiting-room/internal/priority/calculator.go:13.56,17.2 1 1
github.com/arfis/waiting-room/internal/priority/calculator.go:36.74,47.2 3 1
github.com/arfis/waiting-room/internal/priority/calculator.go:50.58,52.33 2 1
github.com/arfis/waiting-room/internal/priority/calculator.go:52.33,54.3 1 1
github.com/arfis/waiting-room/internal/priority/calculator.go:57.2,57.52 1 1
github.com/arfis/waiting-room/internal/priority/calculator.go:57.52,58.56 1 1
github.com/arfis/waiting-room/internal/priority/calculator.go:58.56,60.4 1 1
github.com/arfis/waiting-room/internal/priority/calculator.go:64.2,64.43 1 0
github.com/arfis/waiting-room/internal/priority/calculator.go:64.43,66.3 1 0
github.com/arfis/waiting-room/internal/priority/calculator.go:67.2,67.10 1 0
github.com/arfis/waiting-room/internal/priority/calculator.go:71.96,73.37 1 1
github.com/arfis/waiting-room/internal/priority/calculator.go:73.37,75.49 2 1
github.com/arfis/waiting-room/internal/priority/calculator.go:75.49,76.25 1 1
github.com/arfis/waiting-room/internal/priority/calculator.go:76.25,78.10 2 1
github.com/arfis/waiting-room/internal/priority/calculator.go:81.3,81.14 1 1
github.com/arfis/waiting-room/internal/priority/calculator.go:81.14,83.4 1 1
github.com/arfis/waiting-room/internal/priority/calculator.go:87.2,87.40 1 1
github.com/arfis/waiting-room/internal/priority/calculator.go:87.40,88.52 1 1
github.com/arfis/waiting-room/internal/priority/calculator.go:88.52,89.25 1 1
github.com/arfis/waiting-room/internal/priority/calculator.go:89.25,91.5 1 0
github.com/arfis/waiting-room/internal/priority/calculator.go:95.2,95.13 1 1
github.com/arfis/waiting-room/internal/priority/calculator.go:99.76,104.39 3 1
github.com/arfis/waiting-room/internal/priority/calculator.go:104.39,105.61 1 1
github.com/arfis/waiting-room/internal/priority/calculator.go:105.61,107.4 1 1
github.com/arfis/waiting-room/internal/priority/calculator.go:111.2,115.34 3 1
github.com/arfis/waiting-room/internal/priority/calculator.go:115.34,117.27 2 1
github.com/arfis/waiting-room/internal/priority/calculator.go:117.27,120.4 1 1
github.com/arfis/waiting-room/internal/priority/calculator.go:120.9,123.4 1 1
github.com/arfis/waiting-room/internal/priority/calculator.go:127.2,127.22 1 1
github.com/arfis/waiting-room/internal/priority/calculator.go:127.22,129.14 2 1
github.com/arfis/waiting-room/internal/priority/calculator.go:129.14,133.4 2 1
github.com/arfis/waiting-room/internal/priority/calculator.go:133.9,133.50 1 1
github.com/arfis/waiting-room/internal/priority/calculator.go:133.50,137.4 2 1
github.com/arfis/waiting-room/internal/priority/calculator.go:141.2,141.67 1 1
github.com/arfis/waiting-room/internal/priority/calculator.go:141.67,143.3 1 1
github.com/arfis/waiting-room/internal/priority/calculator.go:145.2,145.14 1 1
github.com/arfis/waiting-room/internal/priority/repository.go:21.58,25.2 1 0
github.com/arfis/waiting-room/internal/priority/repository.go:29.106,38.16 4 0
github.com/arfis/waiting-room/internal/priority/repository.go:38.16,41.3 2 0
github.com/arfis/waiting-room/internal/priority/repository.go:44.2,44.52 1 0
github.com/arfis/waiting-room/internal/priority/repository.go:44.52,50.17 3 0
github.com/arfis/waiting-room/internal/priority/repository.go:50.17,53.4 2 0
github.com/arfis/waiting-room/internal/priority/repository.go:57.2,57.33 1 0
github.com/arfis/waiting-room/internal/priority/repository.go:57.33,60.3 2 0
github.com/arfis/waiting-room/internal/priority/repository.go:62.2,62.66 1 0
github.com/arfis/waiting-room/internal/priority/repository.go:66.112,83.16 5 0
github.com/arfis/waiting-room/internal/priority/repository.go:83.16,85.3 1 0
github.com/arfis/waiting-room/internal/priority/repository.go:87.2,88.12 2 0
github.com/arfis/waiting-room/internal/priority/repository.go:92.41,175.69 3 1
github.com/arfis/waiting-room/internal/priority/repository.go:175.69,192.3 2 0
github.com/arfis/waiting-room/internal/priority/repository.go:194.2,194.16 1 1
